<?xml version="1.0" encoding="UTF-8"?>
<!-- Generated by org.testng.reporters.JUnitReportReporter -->
<testsuite hostname="INDELNB1456" failures="0" tests="1" name="com.inetbanking.testCases.TestCase001_login" time="1.935" errors="0" timestamp="2024-08-08T16:22:33 IST" skipped="0">
  <testcase classname="com.inetbanking.testCases.TestCase001_login" name="loginMe" time="1.935"/>
</testsuite> <!-- com.inetbanking.testCases.TestCase001_login -->
